<?xml version="1.0" encoding="UTF-8"?>
<!-- Generated by org.testng.reporters.JUnitReportReporter -->
<testsuite hostname="CTLINDT-0133" name="automation.careSuiteClient.Package11.MedPassModuleTestCases" tests="15" failures="0" timestamp="30 Apr 2020 12:21:13 GMT" time="44.490" errors="0">
  <testcase name="verifyDisplayOfPRNAndRoutineSplitOrdersInMedpassScreen" time="0.004" classname="automation.careSuiteClient.Package11.MedPassModuleTestCases"/>
  <testcase name="verifySaveSelectionsButtonFunctionalityInResidentMedPassScreen" time="0.001" classname="automation.careSuiteClient.Package11.MedPassModuleTestCases"/>
  <testcase name="verifyMedpassProcessOfDiscontinuedMeds" time="0.003" classname="automation.careSuiteClient.Package11.MedPassModuleTestCases"/>
  <testcase name="verifyDisplayOfExceptionsInConfirmationScreenOnClickOfSkipAllButton" time="0.001" classname="automation.careSuiteClient.Package11.MedPassModuleTestCases"/>
  <testcase name="verifyMedPassFunctionality" time="44.475" classname="automation.careSuiteClient.Package11.MedPassModuleTestCases"/>
  <testcase name="verifyFunctionalityOfPrintButtonToPrintAdverseAffectsInDrugInformationPrintingPopUpWindowUnderMedTile" time="0.001" classname="automation.careSuiteClient.Package11.MedPassModuleTestCases"/>
  <testcase name="verifyDisplayOfWarningMessageBoxWhenAmountAlreadyExceededInLast24Hours" time="0.001" classname="automation.careSuiteClient.Package11.MedPassModuleTestCases"/>
  <testcase name="verifyDisplayOfResidentInMedPassScreenWhenUserScansRelatedBarcodeFromHomeScreenForPMMeds" time="0.000" classname="automation.careSuiteClient.Package11.MedPassModuleTestCases"/>
  <testcase name="verifyReorderButtonFunctionalityInMedTile" time="0.001" classname="automation.careSuiteClient.Package11.MedPassModuleTestCases"/>
  <testcase name="verifyTrackingOfMedsTakenFromAnEmergencyKitInMedPassScreen" time="0.000" classname="automation.careSuiteClient.Package11.MedPassModuleTestCases"/>
  <testcase name="verifyRecordExceptionsFunctionalityDuringMedPass" time="0.002" classname="automation.careSuiteClient.Package11.MedPassModuleTestCases"/>
  <testcase name="verifyDisplayOfWitnessLoginPromptForControlledMedWhilePassingMed" time="0.001" classname="automation.careSuiteClient.Package11.MedPassModuleTestCases"/>
  <testcase name="verifyAvailabilityOfAmountGivenInLast24HoursForPRNMedAtMedTile" time="0.000" classname="automation.careSuiteClient.Package11.MedPassModuleTestCases"/>
  <testcase name="verifyFunctionalityOfRecordingRoutineMedWithAnExceptionAndVitalValuesAtMedPassScreen" time="0.000" classname="automation.careSuiteClient.Package11.MedPassModuleTestCases"/>
  <testcase name="verifyForDisplayOfMedPassBannerAppointmentForResidentInMedPassScreenForSameMedPassRangeOfAppointment" time="0.000" classname="automation.careSuiteClient.Package11.MedPassModuleTestCases"/>
</testsuite> <!-- automation.careSuiteClient.Package11.MedPassModuleTestCases -->
