<?xml version="1.0" encoding="UTF-8"?>
<!-- Generated by org.testng.reporters.JUnitReportReporter -->
<testsuite hostname="CTLINDT-0133" name="automation.careSuiteClient.Package11.OrdersModuleTestCases" tests="2" failures="0" timestamp="30 Apr 2020 12:01:33 GMT" time="231.308" errors="0">
  <testcase name="verifyAddingOfOrderTypeMedicationToResident" time="116.867" classname="automation.careSuiteClient.Package11.OrdersModuleTestCases"/>
  <testcase name="verifyFunctionalityOfDiscontinuingMedication" time="114.441" classname="automation.careSuiteClient.Package11.OrdersModuleTestCases"/>
</testsuite> <!-- automation.careSuiteClient.Package11.OrdersModuleTestCases -->
